{"meta": {"version": "5.5", "timestamp": "2021-04-10T23:55:00.131274", "branch_coverage": false, "show_contexts": false}, "files": {"Test.py": {"executed_lines": [1, 4, 5, 9, 10, 14, 17, 18, 19, 21, 22, 23, 24, 25, 27, 32, 33, 34, 36, 37, 38], "summary": {"covered_lines": 21, "num_statements": 29, "percent_covered": 72.41379310344827, "missing_lines": 8, "excluded_lines": 0}, "missing_lines": [6, 7, 11, 12, 15, 28, 29, 30], "excluded_lines": []}, "app.py": {"executed_lines": [2, 4, 5, 7, 10, 11, 16, 17, 21, 22, 26], "summary": {"covered_lines": 11, "num_statements": 16, "percent_covered": 68.75, "missing_lines": 5, "excluded_lines": 0}, "missing_lines": [13, 18, 23, 27, 28], "excluded_lines": []}, "main.py": {"executed_lines": [7, 13], "summary": {"covered_lines": 2, "num_statements": 4, "percent_covered": 50.0, "missing_lines": 2, "excluded_lines": 0}, "missing_lines": [9, 14], "excluded_lines": []}, "models.py": {"executed_lines": [1, 52, 53, 63, 75, 94, 95, 97, 100], "summary": {"covered_lines": 9, "num_statements": 22, "percent_covered": 40.90909090909091, "missing_lines": 13, "excluded_lines": 0}, "missing_lines": [54, 60, 61, 64, 72, 73, 76, 90, 91, 98, 101, 105, 106], "excluded_lines": []}, "service.py": {"executed_lines": [1, 4, 5, 8], "summary": {"covered_lines": 4, "num_statements": 6, "percent_covered": 66.66666666666667, "missing_lines": 2, "excluded_lines": 0}, "missing_lines": [6, 9], "excluded_lines": []}}, "totals": {"covered_lines": 47, "num_statements": 77, "percent_covered": 61.03896103896104, "missing_lines": 30, "excluded_lines": 0}}